# JRE version: OpenJDK Runtime Environment (11.0.2+9) (build 11.0.2+9)
# Java VM: OpenJDK 64-Bit Server VM (11.0.2+9, mixed mode, tiered, compressed oops, g1 gc, windows-amd64)
Heap:
 garbage-first heap   total 157696K, used 45440K [0x0000000081e00000, 0x0000000100000000)
  region size 1024K, 40 young (40960K), 5 survivors (5120K)
 Metaspace       used 29230K, capacity 29974K, committed 30080K, reserved 1075200K
  class space    used 3438K, capacity 3702K, committed 3712K, reserved 1048576K
GC Heap History (10 events):
Event: 0.669 GC heap before
{Heap before GC invocations=1 (full 0):
 garbage-first heap   total 131072K, used 14255K [0x0000000081e00000, 0x0000000100000000)
  region size 1024K, 10 young (10240K), 2 survivors (2048K)
 Metaspace       used 11059K, capacity 11241K, committed 11392K, reserved 1058816K
  class space    used 1063K, capacity 1110K, committed 1152K, reserved 1048576K
}
Event: 0.672 GC heap after
{Heap after GC invocations=2 (full 0):
 garbage-first heap   total 131072K, used 6460K [0x0000000081e00000, 0x0000000100000000)
  region size 1024K, 1 young (1024K), 1 survivors (1024K)
 Metaspace       used 11059K, capacity 11241K, committed 11392K, reserved 1058816K
  class space    used 1063K, capacity 1110K, committed 1152K, reserved 1048576K
}
Event: 0.690 GC heap before
{Heap before GC invocations=2 (full 0):
 garbage-first heap   total 131072K, used 32060K [0x0000000081e00000, 0x0000000100000000)
  region size 1024K, 27 young (27648K), 1 survivors (1024K)
 Metaspace       used 11063K, capacity 11241K, committed 11392K, reserved 1058816K
  class space    used 1063K, capacity 1110K, committed 1152K, reserved 1048576K
}
Event: 0.691 GC heap after
{Heap after GC invocations=3 (full 0):
 garbage-first heap   total 131072K, used 6579K [0x0000000081e00000, 0x0000000100000000)
  region size 1024K, 1 young (1024K), 1 survivors (1024K)
 Metaspace       used 11063K, capacity 11241K, committed 11392K, reserved 1058816K
  class space    used 1063K, capacity 1110K, committed 1152K, reserved 1048576K
}
Event: 1.345 GC heap before
{Heap before GC invocations=3 (full 0):
 garbage-first heap   total 131072K, used 53683K [0x0000000081e00000, 0x0000000100000000)
  region size 1024K, 48 young (49152K), 1 survivors (1024K)
 Metaspace       used 18393K, capacity 18887K, committed 19200K, reserved 1067008K
  class space    used 2019K, capacity 2184K, committed 2304K, reserved 1048576K
}
Event: 1.349 GC heap after
{Heap after GC invocations=4 (full 0):
 garbage-first heap   total 131072K, used 8196K [0x0000000081e00000, 0x0000000100000000)
  region size 1024K, 3 young (3072K), 3 survivors (3072K)
 Metaspace       used 18393K, capacity 18887K, committed 19200K, reserved 1067008K
  class space    used 2019K, capacity 2184K, committed 2304K, reserved 1048576K
}
Event: 1.605 GC heap before
{Heap before GC invocations=4 (full 0):
 garbage-first heap   total 131072K, used 26628K [0x0000000081e00000, 0x0000000100000000)
  region size 1024K, 22 young (22528K), 3 survivors (3072K)
 Metaspace       used 20505K, capacity 21000K, committed 21248K, reserved 1069056K
  class space    used 2366K, capacity 2545K, committed 2560K, reserved 1048576K
}
Event: 1.609 GC heap after
{Heap after GC invocations=5 (full 0):
 garbage-first heap   total 131072K, used 9002K [0x0000000081e00000, 0x0000000100000000)
  region size 1024K, 3 young (3072K), 3 survivors (3072K)
 Metaspace       used 20505K, capacity 21000K, committed 21248K, reserved 1069056K
  class space    used 2366K, capacity 2545K, committed 2560K, reserved 1048576K
}
Event: 2.055 GC heap before
{Heap before GC invocations=6 (full 0):
 garbage-first heap   total 131072K, used 81706K [0x0000000081e00000, 0x0000000100000000)
  region size 1024K, 75 young (76800K), 3 survivors (3072K)
 Metaspace       used 26434K, capacity 27084K, committed 27136K, reserved 1073152K
  class space    used 3074K, capacity 3317K, committed 3328K, reserved 1048576K
}
Event: 2.062 GC heap after
{Heap after GC invocations=7 (full 0):
 garbage-first heap   total 157696K, used 10624K [0x0000000081e00000, 0x0000000100000000)
  region size 1024K, 5 young (5120K), 5 survivors (5120K)
 Metaspace       used 26434K, capacity 27084K, committed 27136K, reserved 1073152K
  class space    used 3074K, capacity 3317K, committed 3328K, reserved 1048576K
}

