# JRE version: OpenJDK Runtime Environment (11.0.2+9) (build 11.0.2+9)
# Java VM: OpenJDK 64-Bit Server VM (11.0.2+9, mixed mode, tiered, compressed oops, g1 gc, windows-amd64)
Heap:
 garbage-first heap   total 191488K, used 79549K [0x0000000081e00000, 0x0000000100000000)
  region size 1024K, 65 young (66560K), 8 survivors (8192K)
 Metaspace       used 64418K, capacity 66066K, committed 66340K, reserved 1105920K
  class space    used 8255K, capacity 8910K, committed 8996K, reserved 1048576K
GC Heap History (10 events):
Event: 3.397 GC heap before
{Heap before GC invocations=7 (full 0):
 garbage-first heap   total 131072K, used 83228K [0x0000000081e00000, 0x0000000100000000)
  region size 1024K, 76 young (77824K), 5 survivors (5120K)
 Metaspace       used 34041K, capacity 34956K, committed 35200K, reserved 1079296K
  class space    used 4105K, capacity 4454K, committed 4480K, reserved 1048576K
}
Event: 3.410 GC heap after
{Heap after GC invocations=8 (full 0):
 garbage-first heap   total 157696K, used 13180K [0x0000000081e00000, 0x0000000100000000)
  region size 1024K, 8 young (8192K), 8 survivors (8192K)
 Metaspace       used 34041K, capacity 34956K, committed 35200K, reserved 1079296K
  class space    used 4105K, capacity 4454K, committed 4480K, reserved 1048576K
}
Event: 3.499 GC heap before
{Heap before GC invocations=8 (full 0):
 garbage-first heap   total 157696K, used 16252K [0x0000000081e00000, 0x0000000100000000)
  region size 1024K, 12 young (12288K), 8 survivors (8192K)
 Metaspace       used 34571K, capacity 35499K, committed 35584K, reserved 1081344K
  class space    used 4176K, capacity 4527K, committed 4608K, reserved 1048576K
}
Event: 3.514 GC heap after
{Heap after GC invocations=9 (full 0):
 garbage-first heap   total 157696K, used 13579K [0x0000000081e00000, 0x0000000100000000)
  region size 1024K, 6 young (6144K), 6 survivors (6144K)
 Metaspace       used 34571K, capacity 35499K, committed 35584K, reserved 1081344K
  class space    used 4176K, capacity 4527K, committed 4608K, reserved 1048576K
}
Event: 4.261 GC heap before
{Heap before GC invocations=10 (full 0):
 garbage-first heap   total 157696K, used 100619K [0x0000000081e00000, 0x0000000100000000)
  region size 1024K, 92 young (94208K), 6 survivors (6144K)
 Metaspace       used 37768K, capacity 38895K, committed 39040K, reserved 1083392K
  class space    used 4548K, capacity 4977K, committed 4992K, reserved 1048576K
}
Event: 4.270 GC heap after
{Heap after GC invocations=11 (full 0):
 garbage-first heap   total 157696K, used 15280K [0x0000000081e00000, 0x0000000100000000)
  region size 1024K, 8 young (8192K), 8 survivors (8192K)
 Metaspace       used 37768K, capacity 38895K, committed 39040K, reserved 1083392K
  class space    used 4548K, capacity 4977K, committed 4992K, reserved 1048576K
}
Event: 6.147 GC heap before
{Heap before GC invocations=11 (full 0):
 garbage-first heap   total 157696K, used 100272K [0x0000000081e00000, 0x0000000100000000)
  region size 1024K, 92 young (94208K), 8 survivors (8192K)
 Metaspace       used 52602K, capacity 53875K, committed 54016K, reserved 1095680K
  class space    used 6586K, capacity 7069K, committed 7168K, reserved 1048576K
}
Event: 6.161 GC heap after
{Heap after GC invocations=12 (full 0):
 garbage-first heap   total 157696K, used 20173K [0x0000000081e00000, 0x0000000100000000)
  region size 1024K, 11 young (11264K), 11 survivors (11264K)
 Metaspace       used 52602K, capacity 53875K, committed 54016K, reserved 1095680K
  class space    used 6586K, capacity 7069K, committed 7168K, reserved 1048576K
}
Event: 6.990 GC heap before
{Heap before GC invocations=12 (full 0):
 garbage-first heap   total 157696K, used 49869K [0x0000000081e00000, 0x0000000100000000)
  region size 1024K, 41 young (41984K), 11 survivors (11264K)
 Metaspace       used 58306K, capacity 59688K, committed 59736K, reserved 1101824K
  class space    used 7440K, capacity 8008K, committed 8024K, reserved 1048576K
}
Event: 7.007 GC heap after
{Heap after GC invocations=13 (full 0):
 garbage-first heap   total 191488K, used 22205K [0x0000000081e00000, 0x0000000100000000)
  region size 1024K, 8 young (8192K), 8 survivors (8192K)
 Metaspace       used 58306K, capacity 59688K, committed 59736K, reserved 1101824K
  class space    used 7440K, capacity 8008K, committed 8024K, reserved 1048576K
}

