# JRE version: OpenJDK Runtime Environment (11.0.2+9) (build 11.0.2+9)
# Java VM: OpenJDK 64-Bit Server VM (11.0.2+9, mixed mode, tiered, compressed oops, g1 gc, windows-amd64)
Heap:
 garbage-first heap   total 189440K, used 21458K [0x0000000081e00000, 0x0000000100000000)
  region size 1024K, 7 young (7168K), 7 survivors (7168K)
 Metaspace       used 56575K, capacity 57818K, committed 57980K, reserved 1105920K
  class space    used 7229K, capacity 7701K, committed 7808K, reserved 1048576K
GC Heap History (10 events):
Event: 2.232 GC heap after
{Heap after GC invocations=6 (full 0):
 garbage-first heap   total 131072K, used 10258K [0x0000000081e00000, 0x0000000100000000)
  region size 1024K, 5 young (5120K), 5 survivors (5120K)
 Metaspace       used 26279K, capacity 26966K, committed 27132K, reserved 1073152K
  class space    used 3049K, capacity 3299K, committed 3328K, reserved 1048576K
}
Event: 3.930 GC heap before
{Heap before GC invocations=6 (full 0):
 garbage-first heap   total 131072K, used 82962K [0x0000000081e00000, 0x0000000100000000)
  region size 1024K, 76 young (77824K), 5 survivors (5120K)
 Metaspace       used 34386K, capacity 35316K, committed 35580K, reserved 1081344K
  class space    used 4145K, capacity 4488K, committed 4608K, reserved 1048576K
}
Event: 3.943 GC heap after
{Heap after GC invocations=7 (full 0):
 garbage-first heap   total 157696K, used 13098K [0x0000000081e00000, 0x0000000100000000)
  region size 1024K, 8 young (8192K), 8 survivors (8192K)
 Metaspace       used 34386K, capacity 35316K, committed 35580K, reserved 1081344K
  class space    used 4145K, capacity 4488K, committed 4608K, reserved 1048576K
}
Event: 4.052 GC heap before
{Heap before GC invocations=7 (full 0):
 garbage-first heap   total 157696K, used 16170K [0x0000000081e00000, 0x0000000100000000)
  region size 1024K, 12 young (12288K), 8 survivors (8192K)
 Metaspace       used 34863K, capacity 35861K, committed 36048K, reserved 1081344K
  class space    used 4236K, capacity 4627K, committed 4736K, reserved 1048576K
}
Event: 4.067 GC heap after
{Heap after GC invocations=8 (full 0):
 garbage-first heap   total 157696K, used 13425K [0x0000000081e00000, 0x0000000100000000)
  region size 1024K, 5 young (5120K), 5 survivors (5120K)
 Metaspace       used 34863K, capacity 35861K, committed 36048K, reserved 1081344K
  class space    used 4236K, capacity 4627K, committed 4736K, reserved 1048576K
}
Event: 4.866 GC heap before
{Heap before GC invocations=9 (full 0):
 garbage-first heap   total 157696K, used 99441K [0x0000000081e00000, 0x0000000100000000)
  region size 1024K, 90 young (92160K), 5 survivors (5120K)
 Metaspace       used 37766K, capacity 38833K, committed 39036K, reserved 1083392K
  class space    used 4544K, capacity 4977K, committed 4992K, reserved 1048576K
}
Event: 4.873 GC heap after
{Heap after GC invocations=10 (full 0):
 garbage-first heap   total 157696K, used 15235K [0x0000000081e00000, 0x0000000100000000)
  region size 1024K, 7 young (7168K), 7 survivors (7168K)
 Metaspace       used 37766K, capacity 38833K, committed 39036K, reserved 1083392K
  class space    used 4544K, capacity 4977K, committed 4992K, reserved 1048576K
}
Event: 6.738 GC heap before
{Heap before GC invocations=10 (full 0):
 garbage-first heap   total 157696K, used 101251K [0x0000000081e00000, 0x0000000100000000)
  region size 1024K, 92 young (94208K), 7 survivors (7168K)
 Metaspace       used 52702K, capacity 53978K, committed 54268K, reserved 1095680K
  class space    used 6601K, capacity 7103K, committed 7168K, reserved 1048576K
}
Event: 6.750 GC heap after
{Heap after GC invocations=11 (full 0):
 garbage-first heap   total 157696K, used 20388K [0x0000000081e00000, 0x0000000100000000)
  region size 1024K, 11 young (11264K), 11 survivors (11264K)
 Metaspace       used 52702K, capacity 53978K, committed 54268K, reserved 1095680K
  class space    used 6601K, capacity 7103K, committed 7168K, reserved 1048576K
}
Event: 7.507 GC heap before
{Heap before GC invocations=11 (full 0):
 garbage-first heap   total 157696K, used 41892K [0x0000000081e00000, 0x0000000100000000)
  region size 1024K, 33 young (33792K), 11 survivors (11264K)
 Metaspace       used 56575K, capacity 57818K, committed 57980K, reserved 1105920K
  class space    used 7229K, capacity 7701K, committed 7808K, reserved 1048576K
}

